  AbstractSolver.cpp
  BasicHillClimbing.cpp
C:\Users\chae\Downloads\Project12\Project12\source\BasicHillClimbing.cpp(6,16): warning C4244:  '초기화 중': '_Rep'에서 'unsigned int'(으)로 변환하면서 데이터가 손실될 수 있습니다.
C:\Users\chae\Downloads\Project12\Project12\source\BasicHillClimbing.cpp(6,16): warning C4244:         with
C:\Users\chae\Downloads\Project12\Project12\source\BasicHillClimbing.cpp(6,16): warning C4244:         [
C:\Users\chae\Downloads\Project12\Project12\source\BasicHillClimbing.cpp(6,16): warning C4244:             _Rep=std::chrono::system_clock::rep
C:\Users\chae\Downloads\Project12\Project12\source\BasicHillClimbing.cpp(6,16): warning C4244:         ]
C:\Users\chae\Downloads\Project12\Project12\source\BasicHillClimbing.cpp(15,21): warning C4018:  '<': signed 또는 unsigned가 일치하지 않습니다.
  BinaryGreedy.cpp
C:\Users\chae\Downloads\Project12\Project12\source\BasicHillClimbing.cpp(22,22): warning C4018:  '<': signed 또는 unsigned가 일치하지 않습니다.
C:\Users\chae\Downloads\Project12\Project12\source\BinaryGreedy.cpp(88,38): warning C4244:  '+=': 'double'에서 'float'(으)로 변환하면서 데이터가 손실될 수 있습니다.
  Euclidean.cpp
C:\Users\chae\Downloads\Project12\Project12\source\BinaryGreedy.cpp(133,16): warning C4244:  '초기화 중': '_Rep'에서 'unsigned int'(으)로 변환하면서 데이터가 손실될 수 있습니다.
C:\Users\chae\Downloads\Project12\Project12\source\BinaryGreedy.cpp(133,16): warning C4244:         with
C:\Users\chae\Downloads\Project12\Project12\source\BinaryGreedy.cpp(133,16): warning C4244:         [
C:\Users\chae\Downloads\Project12\Project12\source\BinaryGreedy.cpp(133,16): warning C4244:             _Rep=std::chrono::system_clock::rep
C:\Users\chae\Downloads\Project12\Project12\source\BinaryGreedy.cpp(133,16): warning C4244:         ]
C:\Users\chae\Downloads\Project12\Project12\source\Euclidean.cpp(4,11): warning C4244:  '초기화 중': 'int'에서 'float'(으)로 변환하면서 데이터가 손실될 수 있습니다.
  FileHelper.cpp
  Graph.cpp
  main.cpp
  mapSearchGreedy.cpp
C:\Users\chae\Downloads\Project12\Project12\source\Euclidean.cpp(5,11): warning C4244:  '초기화 중': 'int'에서 'float'(으)로 변환하면서 데이터가 손실될 수 있습니다.
C:\Users\chae\Downloads\Project12\Project12\source\mapSearchGreedy.cpp(185,39): warning C4244:  '+=': 'double'에서 'float'(으)로 변환하면서 데이터가 손실될 수 있습니다.
  Node.cpp
  SequentialGreedy.cpp
C:\Users\chae\Downloads\Project12\Project12\source\mapSearchGreedy.cpp(221,16): warning C4244:  '초기화 중': '_Rep'에서 'unsigned int'(으)로 변환하면서 데이터가 손실될 수 있습니다.
C:\Users\chae\Downloads\Project12\Project12\source\mapSearchGreedy.cpp(221,16): warning C4244:         with
C:\Users\chae\Downloads\Project12\Project12\source\mapSearchGreedy.cpp(221,16): warning C4244:         [
C:\Users\chae\Downloads\Project12\Project12\source\mapSearchGreedy.cpp(221,16): warning C4244:             _Rep=std::chrono::system_clock::rep
C:\Users\chae\Downloads\Project12\Project12\source\mapSearchGreedy.cpp(221,16): warning C4244:         ]
C:\Users\chae\Downloads\Project12\Project12\source\SequentialGreedy.cpp(59,38): warning C4244:  '+=': 'double'에서 'float'(으)로 변환하면서 데이터가 손실될 수 있습니다.
  Timer.cpp
  코드를 생성하고 있습니다...
C:\Users\chae\Downloads\Project12\Project12\source\SequentialGreedy.cpp(87,16): warning C4244:  '초기화 중': '_Rep'에서 'unsigned int'(으)로 변환하면서 데이터가 손실될 수 있습니다.
C:\Users\chae\Downloads\Project12\Project12\source\SequentialGreedy.cpp(87,16): warning C4244:         with
C:\Users\chae\Downloads\Project12\Project12\source\SequentialGreedy.cpp(87,16): warning C4244:         [
C:\Users\chae\Downloads\Project12\Project12\source\SequentialGreedy.cpp(87,16): warning C4244:             _Rep=std::chrono::system_clock::rep
C:\Users\chae\Downloads\Project12\Project12\source\SequentialGreedy.cpp(87,16): warning C4244:         ]
  Project12.vcxproj -> C:\Users\chae\Downloads\Project12\Debug\Project12.exe
